Using pre-set license
Built from '2020.2/release' branch; Version is '2020.2.2f1 (068178b99f32) revision 426360'; Using compiler version '192528614'; Build Type 'Release'
OS: 'Windows 10 Home Single Language; OS build 19044.1766; Version 2009; 64bit' Language: 'es' Physical Memory: 16224 MB
BatchMode: 1, IsHumanControllingUs: 0, StartBugReporterOnCrash: 0, Is64bit: 1, IsPro: 0

 COMMAND LINE ARGUMENTS:
C:\Program Files\Unity\Hub\Editor\2020.2.2f1\Editor\Unity.exe
-adb2
-batchMode
-noUpm
-name
AssetImportWorker0
-projectPath
D:/videojuego final/videojuego_principal/videojuego principal
-logFile
Logs/AssetImportWorker0.log
-srvPort
60949
Successfully changed project path to: D:/videojuego final/videojuego_principal/videojuego principal
D:/videojuego final/videojuego_principal/videojuego principal
Using Asset Import Pipeline V2.
Refreshing native plugins compatible for Editor in 32.27 ms, found 1 plugins.
Preloading 0 native plugins for Editor in 0.00 ms.
Initialize engine version: 2020.2.2f1 (068178b99f32)
[Subsystems] Discovering subsystems at path C:/Program Files/Unity/Hub/Editor/2020.2.2f1/Editor/Data/Resources/UnitySubsystems
[Subsystems] Discovering subsystems at path D:/videojuego final/videojuego_principal/videojuego principal/Assets
GfxDevice: creating device client; threaded=0
Direct3D:
    Version:  Direct3D 11.0 [level 11.1]
    Renderer: NVIDIA GeForce GTX 1050 (ID=0x1c8d)
    Vendor:   
    VRAM:     4019 MB
    Driver:   31.0.15.1640
Initialize mono
Mono path[0] = 'C:/Program Files/Unity/Hub/Editor/2020.2.2f1/Editor/Data/Managed'
Mono path[1] = 'C:/Program Files/Unity/Hub/Editor/2020.2.2f1/Editor/Data/MonoBleedingEdge/lib/mono/unityjit'
Mono config path = 'C:/Program Files/Unity/Hub/Editor/2020.2.2f1/Editor/Data/MonoBleedingEdge/etc'
Using monoOptions --debugger-agent=transport=dt_socket,embedding=1,server=y,suspend=n,address=127.0.0.1:56436
Begin MonoManager ReloadAssembly
Registering precompiled unity dll's ...
Register platform support module: C:/Program Files/Unity/Hub/Editor/2020.2.2f1/Editor/Data/PlaybackEngines/WindowsStandaloneSupport/UnityEditor.WindowsStandalone.Extensions.dll
Registered in 0.001860 seconds.
Native extension for WindowsStandalone target not found
Refreshing native plugins compatible for Editor in 35.16 ms, found 1 plugins.
Preloading 0 native plugins for Editor in 0.00 ms.
Invoked RoslynAnalysisRunner static constructor.
RoslynAnalysisRunner will not be running.
RoslynAnalysisRunner has terminated.
Mono: successfully reloaded assembly
- Completed reload, in  0.984 seconds
Platform modules already initialized, skipping
Registering precompiled user dll's ...
Registered in 0.000713 seconds.
Begin MonoManager ReloadAssembly
Native extension for WindowsStandalone target not found
Refreshing native plugins compatible for Editor in 32.26 ms, found 1 plugins.
Preloading 0 native plugins for Editor in 0.00 ms.
Invoked RoslynAnalysisRunner static constructor.
RoslynAnalysisRunner will not be running.
RoslynAnalysisRunner has terminated.
Mono: successfully reloaded assembly
- Completed reload, in  0.859 seconds
Platform modules already initialized, skipping
========================================================================
Worker process is ready to serve import requests
Launched and connected shader compiler UnityShaderCompiler.exe after 0.05 seconds
Refreshing native plugins compatible for Editor in 0.33 ms, found 1 plugins.
Preloading 0 native plugins for Editor in 0.00 ms.
Unloading 1769 Unused Serialized files (Serialized files now loaded: 0)
System memory in use before: 83.5 MB.
System memory in use after: 83.6 MB.

Unloading 19 unused Assets to reduce memory usage. Loaded Objects now: 2215.
Total: 1.787200 ms (FindLiveObjects: 0.184800 ms CreateObjectMapping: 0.068600 ms MarkObjects: 1.474000 ms  DeleteObjects: 0.058800 ms)

========================================================================
Received Import Request.
  path: Assets/Scenes
  artifactKey: Guid(8e582104f974a3d4ebf1979693c7c544) Importer(815301076,1909f56bfc062723c751e8b465ee728b)
Start importing Assets/Scenes using Guid(8e582104f974a3d4ebf1979693c7c544) Importer(815301076,1909f56bfc062723c751e8b465ee728b)  -> (artifact id: '2d74a7e281bc398f5333f99fe263b314') in 0.006940 seconds
  Import took 0.009633 seconds .

========================================================================
Received Import Request.
  Time since last request: 336.700864 seconds.
  path: Assets/SpriteSheets/tiles_spritesheet.png
  artifactKey: Guid(7a88740987d43be4497ea180e0f2ac6d) Importer(815301076,1909f56bfc062723c751e8b465ee728b)
Start importing Assets/SpriteSheets/tiles_spritesheet.png using Guid(7a88740987d43be4497ea180e0f2ac6d) Importer(815301076,1909f56bfc062723c751e8b465ee728b)  -> (artifact id: 'f40e14abe80c9f66b620c242213a31fd') in 0.105651 seconds
  Import took 0.108592 seconds .

========================================================================
Received Import Request.
  Time since last request: 4.871710 seconds.
  path: Assets/SpriteSheets/tileset.png
  artifactKey: Guid(be90e73a846c08a49accde7b3910e469) Importer(815301076,1909f56bfc062723c751e8b465ee728b)
Start importing Assets/SpriteSheets/tileset.png using Guid(be90e73a846c08a49accde7b3910e469) Importer(815301076,1909f56bfc062723c751e8b465ee728b)  -> (artifact id: '434a9636beb7bd0eac042a199e50d87d') in 0.016463 seconds
  Import took 0.019620 seconds .

========================================================================
Received Import Request.
  Time since last request: 21.077083 seconds.
  path: Assets/SpriteSheets/tiles_spritesheet.png
  artifactKey: Guid(7a88740987d43be4497ea180e0f2ac6d) Importer(815301076,1909f56bfc062723c751e8b465ee728b)
Start importing Assets/SpriteSheets/tiles_spritesheet.png using Guid(7a88740987d43be4497ea180e0f2ac6d) Importer(815301076,1909f56bfc062723c751e8b465ee728b)  -> (artifact id: 'fc43bb10a225e0fa6f17e5b9cf971c77') in 0.011280 seconds
  Import took 0.014070 seconds .

========================================================================
Received Import Request.
  Time since last request: 0.032086 seconds.
  path: Assets/SpriteSheets/tiles_spritesheet.png
  artifactKey: Guid(7a88740987d43be4497ea180e0f2ac6d) Importer(815301076,1909f56bfc062723c751e8b465ee728b)
Start importing Assets/SpriteSheets/tiles_spritesheet.png using Guid(7a88740987d43be4497ea180e0f2ac6d) Importer(815301076,1909f56bfc062723c751e8b465ee728b)  -> (artifact id: 'fc43bb10a225e0fa6f17e5b9cf971c77') in 0.006272 seconds
  Import took 0.009335 seconds .

========================================================================
Received Import Request.
  Time since last request: 132.242074 seconds.
  path: Assets/SpriteSheets/tiles_spritesheet.png
  artifactKey: Guid(7a88740987d43be4497ea180e0f2ac6d) Importer(815301076,1909f56bfc062723c751e8b465ee728b)
Start importing Assets/SpriteSheets/tiles_spritesheet.png using Guid(7a88740987d43be4497ea180e0f2ac6d) Importer(815301076,1909f56bfc062723c751e8b465ee728b)  -> (artifact id: '8077411aa87ae5486878630b41bdea71') in 0.058815 seconds
  Import took 0.062068 seconds .

========================================================================
Received Import Request.
  Time since last request: 125.084326 seconds.
  path: Assets/Palette/Palette.prefab
  artifactKey: Guid(c65269716849c0f4f8ec0fcd60c8fe8e) Importer(815301076,1909f56bfc062723c751e8b465ee728b)
Start importing Assets/Palette/Palette.prefab using Guid(c65269716849c0f4f8ec0fcd60c8fe8e) Importer(815301076,1909f56bfc062723c751e8b465ee728b)  -> (artifact id: '2ed1b0a7e24efe84b0dffb70d0f350c6') in 0.012546 seconds
  Import took 0.015411 seconds .

========================================================================
Received Import Request.
  Time since last request: 0.006927 seconds.
  path: Assets/Palette/Palette.prefab
  artifactKey: Guid(c65269716849c0f4f8ec0fcd60c8fe8e) Importer(815301076,1909f56bfc062723c751e8b465ee728b)
Start importing Assets/Palette/Palette.prefab using Guid(c65269716849c0f4f8ec0fcd60c8fe8e) Importer(815301076,1909f56bfc062723c751e8b465ee728b)  -> (artifact id: '2ed1b0a7e24efe84b0dffb70d0f350c6') in 0.003053 seconds
  Import took 0.005859 seconds .

========================================================================
Received Import Request.
  Time since last request: 38.878266 seconds.
  path: Assets/SpriteSheets/tiles_spritesheet.png
  artifactKey: Guid(7a88740987d43be4497ea180e0f2ac6d) Importer(815301076,1909f56bfc062723c751e8b465ee728b)
Start importing Assets/SpriteSheets/tiles_spritesheet.png using Guid(7a88740987d43be4497ea180e0f2ac6d) Importer(815301076,1909f56bfc062723c751e8b465ee728b)  -> (artifact id: '282b4fe546c684ebbe9b6dabb6f07075') in 0.072139 seconds
  Import took 0.075686 seconds .

AssetImportWorkerClient::OnTransportError - code=2 error=End of file
